<?xml version="1.0" encoding="UTF-8"?>
<!-- Generated by org.testng.reporters.JUnitReportReporter -->
<testsuite hostname="DESKTOP-BP50NPF" failures="0" tests="1" name="Day_015_ParallelTests.TC02_Add_Jobs" time="4.537" errors="0" timestamp="2022-11-11T15:40:54 IST" skipped="0">
  <testcase classname="Day_015_ParallelTests.TC02_Add_Jobs" name="Open_OrangeHRM" time="4.537"/>
  <system-out/>
</testsuite> <!-- Day_015_ParallelTests.TC02_Add_Jobs -->
