<?xml version="1.0" encoding="UTF-8"?>
<!-- Generated by org.testng.reporters.JUnitReportReporter -->
<testsuite hostname="DESKTOP-BDCU2EV" failures="0" tests="1" name="Day_019_Frames.FrameByIndex" time="5.823" errors="0" timestamp="2022-04-05T09:28:38 IST" skipped="0">
  <testcase classname="Day_019_Frames.FrameByIndex" name="Login_Test" time="5.823"/>
  <system-out/>
</testsuite> <!-- Day_019_Frames.FrameByIndex -->
