<?xml version="1.0" encoding="UTF-8"?>
<!-- Generated by org.testng.reporters.JUnitReportReporter -->
<testsuite hostname="DESKTOP-BDCU2EV" failures="0" tests="1" name="Day_031_EventFiring_WebDriver.TC01_Web_Element_Border" time="20.304" errors="0" timestamp="2022-03-10T10:36:45 IST" skipped="0">
  <testcase classname="Day_031_EventFiring_WebDriver.TC01_Web_Element_Border" name="Login_Test" time="20.304"/>
  <system-out/>
</testsuite> <!-- Day_031_EventFiring_WebDriver.TC01_Web_Element_Border -->
