<?xml version="1.0" encoding="UTF-8"?>
<!-- Generated by org.testng.reporters.JUnitReportReporter -->
<testsuite hostname="DESKTOP-BP50NPF" failures="0" tests="1" name="Day_37_BrokenLinks.BrokenLinks" time="11.733" errors="0" timestamp="2022-12-14T12:37:36 IST" skipped="0">
  <testcase classname="Day_37_BrokenLinks.BrokenLinks" name="Open_OrangeHRM" time="11.733"/>
  <system-out/>
</testsuite> <!-- Day_37_BrokenLinks.BrokenLinks -->
