<?xml version="1.0" encoding="UTF-8"?>
<!-- Generated by org.testng.reporters.JUnitReportReporter -->
<testsuite hostname="DESKTOP-BDCU2EV" failures="0" tests="1" name="Day_027_Alerts.AlertDemo" time="22.629" errors="0" timestamp="2022-08-06T10:45:54 IST" skipped="0">
  <testcase classname="Day_027_Alerts.AlertDemo" name="testWebAlert" time="22.629"/>
  <system-out/>
</testsuite> <!-- Day_027_Alerts.AlertDemo -->
