<?xml version="1.0" encoding="UTF-8"?>
<!-- Generated by org.testng.reporters.JUnitReportReporter -->
<testsuite hostname="DESKTOP-BP50NPF" failures="0" tests="1" name="Day_015_ParallelTests.TC01_Add_Nationality" time="3.385" errors="0" timestamp="2022-11-11T15:40:54 IST" skipped="0">
  <testcase classname="Day_015_ParallelTests.TC01_Add_Nationality" name="Open_Mercury" time="3.385"/>
  <system-out/>
</testsuite> <!-- Day_015_ParallelTests.TC01_Add_Nationality -->
