<?xml version="1.0" encoding="UTF-8"?>
<!-- Generated by org.testng.reporters.JUnitReportReporter -->
<testsuite hostname="DESKTOP-BDCU2EV" failures="0" tests="1" name="Day003.TC01_Add_Jobs" time="16.650" errors="0" timestamp="2022-09-02T10:10:48 IST" skipped="0">
  <testcase classname="Day003.TC01_Add_Jobs" name="JobsTest" time="16.650"/>
  <system-out/>
</testsuite> <!-- Day003.TC01_Add_Jobs -->
