<?xml version="1.0" encoding="UTF-8"?>
<!-- Generated by org.testng.reporters.JUnitReportReporter -->
<testsuite hostname="DESKTOP-BDCU2EV" failures="0" tests="1" name="Day_027_Alerts.DemoWebAlert" time="15.132" errors="0" timestamp="2022-08-06T10:55:08 IST" skipped="0">
  <testcase classname="Day_027_Alerts.DemoWebAlert" name="Test6" time="15.132"/>
  <system-out/>
</testsuite> <!-- Day_027_Alerts.DemoWebAlert -->
