<?xml version="1.0" encoding="UTF-8"?>
<!-- Generated by org.testng.reporters.JUnitReportReporter -->
<testsuite hostname="DESKTOP-BDCU2EV" failures="0" tests="1" name="Day_004_Dropdown.Dropdown1" time="11.751" errors="0" timestamp="2022-07-22T16:18:06 IST" skipped="0">
  <testcase classname="Day_004_Dropdown.Dropdown1" name="DropDown" time="11.751"/>
  <system-out/>
</testsuite> <!-- Day_004_Dropdown.Dropdown1 -->
