<?xml version="1.0" encoding="UTF-8"?>
<!-- Generated by org.testng.reporters.JUnitReportReporter -->
<testsuite hostname="DESKTOP-BDCU2EV" failures="0" tests="1" name="Day_003_Locators.TC04_linkText" time="15.995" errors="0" timestamp="2022-09-03T10:32:20 IST" skipped="0">
  <testcase classname="Day_003_Locators.TC04_linkText" name="testTC02" time="15.995"/>
  <system-out/>
</testsuite> <!-- Day_003_Locators.TC04_linkText -->
