<?xml version="1.0" encoding="UTF-8"?>
<!-- Generated by org.testng.reporters.JUnitReportReporter -->
<testsuite hostname="DESKTOP-BDCU2EV" failures="0" tests="6" name="Day_017_Priorities_Test.TC01_Priority_Order" time="15.535" errors="0" timestamp="2022-08-16T10:26:38 IST" skipped="0">
  <testcase classname="Day_017_Priorities_Test.TC01_Priority_Order" name="Test1_OpenChromeBrowser" time="2.141"/>
  <system-out/>
  <testcase classname="Day_017_Priorities_Test.TC01_Priority_Order" name="Test2_OpenOrangeHRM" time="3.021"/>
  <system-out/>
  <testcase classname="Day_017_Priorities_Test.TC01_Priority_Order" name="Test3_Login" time="3.386"/>
  <system-out/>
  <testcase classname="Day_017_Priorities_Test.TC01_Priority_Order" name="Test4_Addnatialities" time="4.786"/>
  <system-out/>
  <testcase classname="Day_017_Priorities_Test.TC01_Priority_Order" name="Test5_Logout" time="1.529"/>
  <system-out/>
  <testcase classname="Day_017_Priorities_Test.TC01_Priority_Order" name="Test6_closebrowser" time="0.672"/>
  <system-out/>
</testsuite> <!-- Day_017_Priorities_Test.TC01_Priority_Order -->
