<?xml version="1.0" encoding="UTF-8"?>
<!-- Generated by org.testng.reporters.JUnitReportReporter -->
<testsuite hostname="DESKTOP-BP50NPF" failures="0" tests="1" name="Day_023_File_Upload_Download.TC04_FileDownLoadnew" time="35.283" errors="0" timestamp="2022-11-30T18:29:34 IST" skipped="0">
  <testcase classname="Day_023_File_Upload_Download.TC04_FileDownLoadnew" name="File_Download" time="35.283"/>
  <system-out/>
</testsuite> <!-- Day_023_File_Upload_Download.TC04_FileDownLoadnew -->
