<?xml version="1.0" encoding="UTF-8"?>
<!-- Generated by org.testng.reporters.JUnitReportReporter -->
<testsuite hostname="DESKTOP-BDCU2EV" failures="0" tests="1" name="Day_022_Action_class.TC04_Drag_And_Drop" time="8.147" errors="0" timestamp="2022-09-02T12:38:17 IST" skipped="0">
  <testcase classname="Day_022_Action_class.TC04_Drag_And_Drop" name="Login_Test" time="8.147"/>
  <system-out/>
</testsuite> <!-- Day_022_Action_class.TC04_Drag_And_Drop -->
