<?xml version="1.0" encoding="UTF-8"?>
<!-- Generated by org.testng.reporters.JUnitReportReporter -->
<testsuite hostname="DESKTOP-BDCU2EV" failures="0" tests="1" name="Day_003_Locators.TC08_tagName" time="13.001" errors="0" timestamp="2022-09-03T10:55:38 IST" skipped="0">
  <testcase classname="Day_003_Locators.TC08_tagName" name="Test2" time="13.001"/>
  <system-out/>
</testsuite> <!-- Day_003_Locators.TC08_tagName -->
