<?xml version="1.0" encoding="UTF-8"?>
<!-- Generated by org.testng.reporters.JUnitReportReporter -->
<testsuite hostname="DESKTOP-BP50NPF" failures="0" tests="2" name="Day_012_TestNG_Paraneters.TC01_Add_jobs_NonStatic_Parameters" time="109.318" errors="0" timestamp="2022-11-15T19:34:59 IST" skipped="0">
  <testcase classname="Day_012_TestNG_Paraneters.TC01_Add_jobs_NonStatic_Parameters" name="JobsTest" time="58.106"/>
  <system-out/>
  <testcase classname="Day_012_TestNG_Paraneters.TC01_Add_jobs_NonStatic_Parameters" name="JobsTest" time="51.212"/>
  <system-out/>
</testsuite> <!-- Day_012_TestNG_Paraneters.TC01_Add_jobs_NonStatic_Parameters -->
