<?xml version="1.0" encoding="UTF-8"?>
<!-- Generated by org.testng.reporters.JUnitReportReporter -->
<testsuite hostname="DESKTOP-BDCU2EV" failures="0" tests="1" name="Day_021_Java_Script_Executer.TC03_Scroll_by_pixel" time="3.621" errors="0" timestamp="2022-09-01T17:44:41 IST" skipped="0">
  <testcase classname="Day_021_Java_Script_Executer.TC03_Scroll_by_pixel" name="ByPixel" time="3.621"/>
  <system-out/>
</testsuite> <!-- Day_021_Java_Script_Executer.TC03_Scroll_by_pixel -->
