<?xml version="1.0" encoding="UTF-8"?>
<!-- Generated by org.testng.reporters.JUnitReportReporter -->
<testsuite hostname="DESKTOP-BP50NPF" failures="0" tests="1" name="Day_033_TestNG_Annotations.NewTest" time="0.006" errors="0" timestamp="2022-12-01T17:02:25 IST" skipped="0">
  <testcase classname="Day_033_TestNG_Annotations.NewTest" name="MainTest" time="0.006"/>
  <system-out/>
</testsuite> <!-- Day_033_TestNG_Annotations.NewTest -->
