<?xml version="1.0" encoding="UTF-8"?>
<!-- Generated by org.testng.reporters.JUnitReportReporter -->
<testsuite hostname="DESKTOP-BDCU2EV" failures="0" tests="1" name="Day_003_Locators.TC01_id" time="3.643" errors="0" timestamp="2022-09-03T10:23:53 IST" skipped="0">
  <testcase classname="Day_003_Locators.TC01_id" name="Test2" time="3.643"/>
  <system-out/>
</testsuite> <!-- Day_003_Locators.TC01_id -->
