<?xml version="1.0" encoding="UTF-8"?>
<!-- Generated by org.testng.reporters.JUnitReportReporter -->
<testsuite hostname="DESKTOP-BP50NPF" failures="0" tests="1" name="Day_016_ParallelClasses.TC01_Add_jobs_NonStatic_Parameters" time="39.091" errors="0" timestamp="2022-11-11T15:57:03 IST" skipped="0">
  <testcase classname="Day_016_ParallelClasses.TC01_Add_jobs_NonStatic_Parameters" name="JobsTest" time="39.091"/>
  <system-out/>
</testsuite> <!-- Day_016_ParallelClasses.TC01_Add_jobs_NonStatic_Parameters -->
