<?xml version="1.0" encoding="UTF-8"?>
<!-- Generated by org.testng.reporters.JUnitReportReporter -->
<testsuite hostname="DESKTOP-BP50NPF" failures="0" tests="1" name="Day_021_Java_Script_Executer.TC02_Send_Keys" time="6.188" errors="0" timestamp="2022-11-21T14:58:41 IST" skipped="0">
  <testcase classname="Day_021_Java_Script_Executer.TC02_Send_Keys" name="Login" time="6.188"/>
  <system-out/>
</testsuite> <!-- Day_021_Java_Script_Executer.TC02_Send_Keys -->
