<?xml version="1.0" encoding="UTF-8"?>
<!-- Generated by org.testng.reporters.JUnitReportReporter -->
<testsuite hostname="DESKTOP-BP50NPF" failures="0" tests="1" name="Day_021_Java_Script_Executer.TC01_Add_Nationality" time="13.959" errors="0" timestamp="2022-11-19T16:22:20 IST" skipped="0">
  <testcase classname="Day_021_Java_Script_Executer.TC01_Add_Nationality" name="NationalityTest" time="13.959"/>
  <system-out/>
</testsuite> <!-- Day_021_Java_Script_Executer.TC01_Add_Nationality -->
