<?xml version="1.0" encoding="UTF-8"?>
<!-- Generated by org.testng.reporters.JUnitReportReporter -->
<testsuite hostname="DESKTOP-BP50NPF" failures="0" tests="2" name="Day_012_TestNG_Paraneters.TC01_Add_Skills_NonStatic_Parametrs2" time="69.738" errors="0" timestamp="2022-11-15T19:32:01 IST" skipped="0">
  <testcase classname="Day_012_TestNG_Paraneters.TC01_Add_Skills_NonStatic_Parametrs2" name="SkilsTest" time="39.031"/>
  <system-out/>
  <testcase classname="Day_012_TestNG_Paraneters.TC01_Add_Skills_NonStatic_Parametrs2" name="SkilsTest" time="30.707"/>
  <system-out/>
</testsuite> <!-- Day_012_TestNG_Paraneters.TC01_Add_Skills_NonStatic_Parametrs2 -->
