<?xml version="1.0" encoding="UTF-8"?>
<!-- Generated by org.testng.reporters.JUnitReportReporter -->
<testsuite hostname="DESKTOP-BP50NPF" failures="0" tests="2" name="Day_014_ParallelMethods.AllTests" time="12.125" errors="0" timestamp="2022-11-11T15:35:14 IST" skipped="0">
  <testcase classname="Day_014_ParallelMethods.AllTests" name="TC01_Add_Nationalities" time="8.864"/>
  <system-out/>
  <testcase classname="Day_014_ParallelMethods.AllTests" name="TC01_Add_Jobs" time="3.261"/>
  <system-out/>
</testsuite> <!-- Day_014_ParallelMethods.AllTests -->
