<?xml version="1.0" encoding="UTF-8"?>
<!-- Generated by org.testng.reporters.JUnitReportReporter -->
<testsuite hostname="DESKTOP-BP50NPF" failures="0" tests="1" name="Day_023_File_Upload_Download.TC03_FileUpload" time="27.896" errors="0" timestamp="2022-11-29T13:01:08 IST" skipped="0">
  <testcase classname="Day_023_File_Upload_Download.TC03_FileUpload" name="File_upload" time="27.896"/>
  <system-out/>
</testsuite> <!-- Day_023_File_Upload_Download.TC03_FileUpload -->
