<?xml version="1.0" encoding="UTF-8"?>
<!-- Generated by org.testng.reporters.JUnitReportReporter -->
<testsuite hostname="DESKTOP-BDCU2EV" failures="0" tests="1" name="Day_004_Dropdown.Listbox2" time="15.470" errors="0" timestamp="2022-07-13T09:47:23 IST" skipped="0">
  <testcase classname="Day_004_Dropdown.Listbox2" name="Test1" time="15.470"/>
  <system-out/>
</testsuite> <!-- Day_004_Dropdown.Listbox2 -->
