<?xml version="1.0" encoding="UTF-8"?>
<!-- Generated by org.testng.reporters.JUnitReportReporter -->
<testsuite hostname="DESKTOP-BDCU2EV" failures="0" tests="1" name="Day_022_Action_class.TC01_Mouse_Hover_Action3" time="5.896" errors="0" timestamp="2022-09-02T12:26:21 IST" skipped="0">
  <testcase classname="Day_022_Action_class.TC01_Mouse_Hover_Action3" name="Login_Test" time="5.896"/>
  <system-out/>
</testsuite> <!-- Day_022_Action_class.TC01_Mouse_Hover_Action3 -->
